2022-01-20T08:03:25+00:00 WARN: HORDE PHP ERROR: mysqli::__construct(): (HY000/2002): Connection refused [pid 80 on line 135 of "/srv/www/horde/vendor/horde/db/lib/Horde/Db/Adapter/Mysqli.php"]
2022-01-20T08:03:25+00:00 ERR: HORDE Connect failed: (2002) Connection refused [pid 80 on line 138 of "/srv/www/horde/vendor/horde/db/lib/Horde/Db/Adapter/Mysqli.php"]
2022-01-20T08:03:25+00:00 WARN: HORDE PHP ERROR: mysqli::__construct(): (HY000/2002): Connection refused [pid 80 on line 135 of "/srv/www/horde/vendor/horde/db/lib/Horde/Db/Adapter/Mysqli.php"]
2022-01-20T08:03:25+00:00 WARN: HORDE [horde] PHP ERROR: mysqli::__construct(): (HY000/2002): Connection refused [pid 80 on line 135 of "/srv/www/horde/vendor/horde/db/lib/Horde/Db/Adapter/Mysqli.php"]
2022-01-20T08:03:28+00:00 WARN: HORDE PHP ERROR: mysqli::__construct(): (HY000/2002): Connection refused [pid 84 on line 135 of "/srv/www/horde/vendor/horde/db/lib/Horde/Db/Adapter/Mysqli.php"]
2022-01-20T08:03:28+00:00 ERR: HORDE Connect failed: (2002) Connection refused [pid 84 on line 138 of "/srv/www/horde/vendor/horde/db/lib/Horde/Db/Adapter/Mysqli.php"]
2022-01-20T08:03:28+00:00 WARN: HORDE PHP ERROR: mysqli::__construct(): (HY000/2002): Connection refused [pid 84 on line 135 of "/srv/www/horde/vendor/horde/db/lib/Horde/Db/Adapter/Mysqli.php"]
2022-01-20T08:03:28+00:00 WARN: HORDE [horde] PHP ERROR: mysqli::__construct(): (HY000/2002): Connection refused [pid 84 on line 135 of "/srv/www/horde/vendor/horde/db/lib/Horde/Db/Adapter/Mysqli.php"]
2022-01-20T08:03:31+00:00 WARN: HORDE PHP ERROR: mysqli::__construct(): (HY000/2002): Connection refused [pid 88 on line 135 of "/srv/www/horde/vendor/horde/db/lib/Horde/Db/Adapter/Mysqli.php"]
2022-01-20T08:03:31+00:00 ERR: HORDE Connect failed: (2002) Connection refused [pid 88 on line 138 of "/srv/www/horde/vendor/horde/db/lib/Horde/Db/Adapter/Mysqli.php"]
2022-01-20T08:03:31+00:00 WARN: HORDE PHP ERROR: mysqli::__construct(): (HY000/2002): Connection refused [pid 88 on line 135 of "/srv/www/horde/vendor/horde/db/lib/Horde/Db/Adapter/Mysqli.php"]
2022-01-20T08:03:31+00:00 WARN: HORDE [horde] PHP ERROR: mysqli::__construct(): (HY000/2002): Connection refused [pid 88 on line 135 of "/srv/www/horde/vendor/horde/db/lib/Horde/Db/Adapter/Mysqli.php"]
2022-01-20T08:03:34+00:00 ERR: HORDE SQL QUERY FAILED: Table 'horde.horde_perms' doesn't exist  
	SELECT COUNT(*) FROM horde_perms WHERE perm_name = 'horde' [pid 92 on line 323 of "/srv/www/horde/vendor/horde/db/lib/Horde/Db/Adapter/Mysqli.php"]
2022-01-20T08:03:34+00:00 ERR: HORDE SQL QUERY FAILED: Table 'horde.horde_perms' doesn't exist  
	SELECT COUNT(*) FROM horde_perms WHERE perm_name = 'horde' [pid 95 on line 323 of "/srv/www/horde/vendor/horde/db/lib/Horde/Db/Adapter/Mysqli.php"]
2022-01-20T08:03:34+00:00 ERR: HORDE [horde] SQL QUERY FAILED: Unknown table 'horde.imp_sentmail_seq'  
	DROP TABLE `imp_sentmail_seq` [pid 95 on line 323 of "/srv/www/horde/vendor/horde/db/lib/Horde/Db/Adapter/Mysqli.php"]
2022-01-20T08:03:35+00:00 ERR: HORDE [horde] SQL QUERY FAILED: Unknown table 'horde.ingo_rules_seq'  
	DROP TABLE `ingo_rules_seq` [pid 95 on line 323 of "/srv/www/horde/vendor/horde/db/lib/Horde/Db/Adapter/Mysqli.php"]
2022-01-20T08:03:35+00:00 ERR: HORDE [horde] SQL QUERY FAILED: Unknown table 'horde.ingo_shares_seq'  
	DROP TABLE `ingo_shares_seq` [pid 95 on line 323 of "/srv/www/horde/vendor/horde/db/lib/Horde/Db/Adapter/Mysqli.php"]
2022-01-20T08:03:36+00:00 ERR: HORDE [horde] SQL QUERY FAILED: Unknown table 'horde.kronolith_shares_seq'  
	DROP TABLE `kronolith_shares_seq` [pid 95 on line 323 of "/srv/www/horde/vendor/horde/db/lib/Horde/Db/Adapter/Mysqli.php"]
2022-01-20T08:03:36+00:00 ERR: HORDE [horde] SQL QUERY FAILED: Unknown table 'horde.kronolith_resources_seq'  
	DROP TABLE `kronolith_resources_seq` [pid 95 on line 323 of "/srv/www/horde/vendor/horde/db/lib/Horde/Db/Adapter/Mysqli.php"]
2022-01-20T08:03:37+00:00 ERR: HORDE [horde] SQL QUERY FAILED: Table 'horde.rampage_types' doesn't exist  
	SELECT type_id, type_name FROM `rampage_types` WHERE type_name IN
	  ('calendar','event') [pid 95 on line 323 of "/srv/www/horde/vendor/horde/db/lib/Horde/Db/Adapter/Mysqli.php"]
2022-01-20T08:03:38+00:00 ERR: HORDE [horde] SQL QUERY FAILED: Unknown table 'horde.turba_shares_seq'  
	DROP TABLE `turba_shares_seq` [pid 95 on line 323 of "/srv/www/horde/vendor/horde/db/lib/Horde/Db/Adapter/Mysqli.php"]
2022-01-20T08:03:39+00:00 ERR: HORDE [horde] SQL QUERY FAILED: Table 'horde.rampage_types' doesn't exist  
	SELECT type_id, type_name FROM `rampage_types` WHERE type_name IN
	  ('contact') [pid 95 on line 323 of "/srv/www/horde/vendor/horde/db/lib/Horde/Db/Adapter/Mysqli.php"]
2022-01-20T08:03:39+00:00 ERR: HORDE [horde] SQL QUERY FAILED: Unknown table 'horde.nag_shares_seq'  
	DROP TABLE `nag_shares_seq` [pid 95 on line 323 of "/srv/www/horde/vendor/horde/db/lib/Horde/Db/Adapter/Mysqli.php"]
2022-01-20T08:03:41+00:00 ERR: HORDE [horde] SQL QUERY FAILED: Table 'horde.rampage_types' doesn't exist  
	SELECT type_id, type_name FROM `rampage_types` WHERE type_name IN
	  ('task') [pid 95 on line 323 of "/srv/www/horde/vendor/horde/db/lib/Horde/Db/Adapter/Mysqli.php"]
2022-01-20T08:03:43+00:00 ERR: HORDE [horde] SQL QUERY FAILED: Unknown table 'horde.mnemo_shares_seq'  
	DROP TABLE `mnemo_shares_seq` [pid 95 on line 323 of "/srv/www/horde/vendor/horde/db/lib/Horde/Db/Adapter/Mysqli.php"]
2022-01-20T08:03:44+00:00 ERR: HORDE [horde] SQL QUERY FAILED: Table 'horde.rampage_types' doesn't exist  
	SELECT type_id, type_name FROM `rampage_types` WHERE type_name IN
	  ('note') [pid 95 on line 323 of "/srv/www/horde/vendor/horde/db/lib/Horde/Db/Adapter/Mysqli.php"]
2022-01-20T08:03:45+00:00 ERR: HORDE [horde] SQL QUERY FAILED: Unknown table 'horde.gollem_shares_seq'  
	DROP TABLE `gollem_shares_seq` [pid 95 on line 323 of "/srv/www/horde/vendor/horde/db/lib/Horde/Db/Adapter/Mysqli.php"]
2022-01-20T08:03:46+00:00 WARN: HORDE [horde] PHP ERROR: count(): Parameter must be an array or an object that implements Countable [pid 95 on line 117 of "/srv/www/horde/web/timetool/migration/2_timetool_customers.php"]
2022-01-20T08:03:46+00:00 WARN: HORDE [horde] PHP ERROR: count(): Parameter must be an array or an object that implements Countable [pid 95 on line 118 of "/srv/www/horde/web/timetool/migration/2_timetool_customers.php"]
2022-01-20T08:03:47+00:00 WARN: HORDE [horde] PHP ERROR: in_array() expects parameter 2 to be array, null given [pid 95 on line 44 of "/srv/www/horde/web/timetool/migration/3_timetool_uuid_based_model.php"]
2022-01-20T08:03:48+00:00 ERR: HORDE [horde] SQL QUERY FAILED: Unknown table 'horde.horde_vfs_seq'  
	DROP TABLE `horde_vfs_seq` [pid 95 on line 323 of "/srv/www/horde/vendor/horde/db/lib/Horde/Db/Adapter/Mysqli.php"]
2022-01-20T08:03:48+00:00 ERR: HORDE [horde] SQL QUERY FAILED: Unknown table 'horde.horde_muvfs_seq'  
	DROP TABLE `horde_muvfs_seq` [pid 95 on line 323 of "/srv/www/horde/vendor/horde/db/lib/Horde/Db/Adapter/Mysqli.php"]
2022-01-20T08:03:48+00:00 ERR: HORDE [horde] SQL QUERY FAILED: Unknown table 'horde.horde_histories_seq'  
	DROP TABLE `horde_histories_seq` [pid 95 on line 323 of "/srv/www/horde/vendor/horde/db/lib/Horde/Db/Adapter/Mysqli.php"]
2022-01-20T08:03:49+00:00 ERR: HORDE [horde] SQL QUERY FAILED: Unknown table 'horde.horde_groups_seq'  
	DROP TABLE `horde_groups_seq` [pid 95 on line 323 of "/srv/www/horde/vendor/horde/db/lib/Horde/Db/Adapter/Mysqli.php"]
2022-01-20T08:03:49+00:00 ERR: HORDE [horde] SQL QUERY FAILED: Unknown table 'horde.horde_perms_seq'  
	DROP TABLE `horde_perms_seq` [pid 95 on line 323 of "/srv/www/horde/vendor/horde/db/lib/Horde/Db/Adapter/Mysqli.php"]
2022-01-20T08:03:51+00:00 NOTICE: HORDE PHP ERROR: Undefined index: __autoloader [pid 107 on line 480 of "/srv/www/horde/vendor/horde/core/lib/Horde/Registry.php"]
2022-01-20T08:03:51+00:00 ERR: HORDE The requested interface was not found: IMP_Factory_Imap [pid 107 on line 269 of "/srv/www/horde/vendor/horde/injector/src/Injector.php"]
2022-01-20T08:03:51+00:00 ERR: HORDE The requested interface was not found: IMP_Factory_Imap [pid 107 on line 269 of "/srv/www/horde/vendor/horde/injector/src/Injector.php"]
2022-01-20T08:03:52+00:00 NOTICE: HORDE PHP ERROR: Undefined index: __autoloader [pid 120 on line 480 of "/srv/www/horde/vendor/horde/core/lib/Horde/Registry.php"]
2022-01-20T08:03:52+00:00 ERR: HORDE The requested interface was not found: IMP_Factory_Imap [pid 120 on line 269 of "/srv/www/horde/vendor/horde/injector/src/Injector.php"]
2022-01-20T08:03:52+00:00 ERR: HORDE The requested interface was not found: IMP_Factory_Imap [pid 120 on line 269 of "/srv/www/horde/vendor/horde/injector/src/Injector.php"]
2022-01-20T08:03:52+00:00 NOTICE: HORDE PHP ERROR: Undefined index: __autoloader [pid 133 on line 480 of "/srv/www/horde/vendor/horde/core/lib/Horde/Registry.php"]
2022-01-20T08:03:52+00:00 ERR: HORDE The requested interface was not found: IMP_Factory_Imap [pid 133 on line 269 of "/srv/www/horde/vendor/horde/injector/src/Injector.php"]
2022-01-20T08:03:52+00:00 ERR: HORDE The requested interface was not found: IMP_Factory_Imap [pid 133 on line 269 of "/srv/www/horde/vendor/horde/injector/src/Injector.php"]
2022-01-20T08:03:52+00:00 NOTICE: HORDE PHP ERROR: Undefined index: __autoloader [pid 146 on line 480 of "/srv/www/horde/vendor/horde/core/lib/Horde/Registry.php"]
2022-01-20T08:03:52+00:00 ERR: HORDE The requested interface was not found: IMP_Factory_Imap [pid 146 on line 269 of "/srv/www/horde/vendor/horde/injector/src/Injector.php"]
2022-01-20T08:03:52+00:00 ERR: HORDE The requested interface was not found: IMP_Factory_Imap [pid 146 on line 269 of "/srv/www/horde/vendor/horde/injector/src/Injector.php"]
2022-01-20T08:03:52+00:00 WARN: HORDE PHP ERROR: in_array() expects parameter 2 to be array, null given [pid 146 on line 46 of "/srv/www/horde/vendor/horde/hordectl/src/Command/Import/App.php"]
2022-01-20T08:03:52+00:00 NOTICE: HORDE PHP ERROR: Undefined index: __autoloader [pid 159 on line 480 of "/srv/www/horde/vendor/horde/core/lib/Horde/Registry.php"]
2022-01-20T08:03:52+00:00 ERR: HORDE The requested interface was not found: IMP_Factory_Imap [pid 159 on line 269 of "/srv/www/horde/vendor/horde/injector/src/Injector.php"]
2022-01-20T08:03:52+00:00 ERR: HORDE The requested interface was not found: IMP_Factory_Imap [pid 159 on line 269 of "/srv/www/horde/vendor/horde/injector/src/Injector.php"]
2022-01-20T08:03:52+00:00 WARN: HORDE PHP ERROR: in_array() expects parameter 2 to be array, null given [pid 159 on line 46 of "/srv/www/horde/vendor/horde/hordectl/src/Command/Import/App.php"]
2022-01-20T08:03:52+00:00 NOTICE: HORDE PHP ERROR: Undefined index: __autoloader [pid 172 on line 480 of "/srv/www/horde/vendor/horde/core/lib/Horde/Registry.php"]
2022-01-20T08:03:52+00:00 ERR: HORDE The requested interface was not found: IMP_Factory_Imap [pid 172 on line 269 of "/srv/www/horde/vendor/horde/injector/src/Injector.php"]
2022-01-20T08:03:52+00:00 ERR: HORDE The requested interface was not found: IMP_Factory_Imap [pid 172 on line 269 of "/srv/www/horde/vendor/horde/injector/src/Injector.php"]
2022-01-20T08:03:52+00:00 WARN: HORDE PHP ERROR: in_array() expects parameter 2 to be array, null given [pid 172 on line 46 of "/srv/www/horde/vendor/horde/hordectl/src/Command/Import/App.php"]
2022-01-20T08:03:52+00:00 NOTICE: HORDE PHP ERROR: Undefined index: __autoloader [pid 185 on line 480 of "/srv/www/horde/vendor/horde/core/lib/Horde/Registry.php"]
2022-01-20T08:03:52+00:00 ERR: HORDE The requested interface was not found: IMP_Factory_Imap [pid 185 on line 269 of "/srv/www/horde/vendor/horde/injector/src/Injector.php"]
2022-01-20T08:03:52+00:00 ERR: HORDE The requested interface was not found: IMP_Factory_Imap [pid 185 on line 269 of "/srv/www/horde/vendor/horde/injector/src/Injector.php"]
2022-01-20T08:03:52+00:00 WARN: HORDE PHP ERROR: in_array() expects parameter 2 to be array, null given [pid 185 on line 46 of "/srv/www/horde/vendor/horde/hordectl/src/Command/Import/App.php"]
2022-01-20T08:03:52+00:00 NOTICE: HORDE PHP ERROR: Undefined index: __autoloader [pid 198 on line 480 of "/srv/www/horde/vendor/horde/core/lib/Horde/Registry.php"]
2022-01-20T08:03:52+00:00 ERR: HORDE The requested interface was not found: IMP_Factory_Imap [pid 198 on line 269 of "/srv/www/horde/vendor/horde/injector/src/Injector.php"]
2022-01-20T08:03:52+00:00 ERR: HORDE The requested interface was not found: IMP_Factory_Imap [pid 198 on line 269 of "/srv/www/horde/vendor/horde/injector/src/Injector.php"]
2022-01-20T08:03:52+00:00 NOTICE: HORDE PHP ERROR: Undefined index: __autoloader [pid 211 on line 480 of "/srv/www/horde/vendor/horde/core/lib/Horde/Registry.php"]
2022-01-20T08:03:52+00:00 ERR: HORDE The requested interface was not found: IMP_Factory_Imap [pid 211 on line 269 of "/srv/www/horde/vendor/horde/injector/src/Injector.php"]
2022-01-20T08:03:52+00:00 ERR: HORDE The requested interface was not found: IMP_Factory_Imap [pid 211 on line 269 of "/srv/www/horde/vendor/horde/injector/src/Injector.php"]
2022-01-20T08:03:52+00:00 NOTICE: HORDE PHP ERROR: Undefined index: __autoloader [pid 224 on line 480 of "/srv/www/horde/vendor/horde/core/lib/Horde/Registry.php"]
2022-01-20T08:03:52+00:00 ERR: HORDE The requested interface was not found: IMP_Factory_Imap [pid 224 on line 269 of "/srv/www/horde/vendor/horde/injector/src/Injector.php"]
2022-01-20T08:03:52+00:00 ERR: HORDE The requested interface was not found: IMP_Factory_Imap [pid 224 on line 269 of "/srv/www/horde/vendor/horde/injector/src/Injector.php"]
2022-01-20T08:03:52+00:00 WARN: HORDE PHP ERROR: mysqli::real_escape_string() expects parameter 1 to be string, array given [pid 224 on line 194 of "/srv/www/horde/vendor/horde/db/lib/Horde/Db/Adapter/Mysqli.php"]
2022-01-20T08:03:52+00:00 WARN: HORDE PHP ERROR: mysqli::real_escape_string() expects parameter 1 to be string, array given [pid 224 on line 194 of "/srv/www/horde/vendor/horde/db/lib/Horde/Db/Adapter/Mysqli.php"]
2022-01-20T08:03:52+00:00 WARN: HORDE PHP ERROR: mysqli::real_escape_string() expects parameter 1 to be string, array given [pid 224 on line 194 of "/srv/www/horde/vendor/horde/db/lib/Horde/Db/Adapter/Mysqli.php"]
2022-01-20T08:03:52+00:00 WARN: HORDE PHP ERROR: mysqli::real_escape_string() expects parameter 1 to be string, array given [pid 224 on line 194 of "/srv/www/horde/vendor/horde/db/lib/Horde/Db/Adapter/Mysqli.php"]
2022-01-20T08:03:52+00:00 WARN: HORDE PHP ERROR: mysqli::real_escape_string() expects parameter 1 to be string, array given [pid 224 on line 194 of "/srv/www/horde/vendor/horde/db/lib/Horde/Db/Adapter/Mysqli.php"]
2022-01-20T08:03:52+00:00 WARN: HORDE PHP ERROR: mysqli::real_escape_string() expects parameter 1 to be string, array given [pid 224 on line 194 of "/srv/www/horde/vendor/horde/db/lib/Horde/Db/Adapter/Mysqli.php"]
2022-01-20T08:03:52+00:00 NOTICE: HORDE PHP ERROR: Undefined index: __autoloader [pid 237 on line 480 of "/srv/www/horde/vendor/horde/core/lib/Horde/Registry.php"]
2022-01-20T08:03:52+00:00 ERR: HORDE The requested interface was not found: IMP_Factory_Imap [pid 237 on line 269 of "/srv/www/horde/vendor/horde/injector/src/Injector.php"]
2022-01-20T08:03:52+00:00 ERR: HORDE The requested interface was not found: IMP_Factory_Imap [pid 237 on line 269 of "/srv/www/horde/vendor/horde/injector/src/Injector.php"]
2022-01-20T08:03:52+00:00 NOTICE: HORDE PHP ERROR: Undefined index: __autoloader [pid 250 on line 480 of "/srv/www/horde/vendor/horde/core/lib/Horde/Registry.php"]
2022-01-20T08:03:52+00:00 ERR: HORDE The requested interface was not found: IMP_Factory_Imap [pid 250 on line 269 of "/srv/www/horde/vendor/horde/injector/src/Injector.php"]
2022-01-20T08:03:52+00:00 ERR: HORDE The requested interface was not found: IMP_Factory_Imap [pid 250 on line 269 of "/srv/www/horde/vendor/horde/injector/src/Injector.php"]
2022-01-20T08:03:52+00:00 WARN: HORDE PHP ERROR: Invalid argument supplied for foreach() [pid 250 on line 81 of "/srv/www/horde/web/timetool/src/Command/CreateProject.php"]
2022-01-20T08:03:52+00:00 WARN: HORDE PHP ERROR: Invalid argument supplied for foreach() [pid 250 on line 81 of "/srv/www/horde/web/timetool/src/Command/CreateProject.php"]
2022-01-20T08:03:52+00:00 NOTICE: HORDE PHP ERROR: Undefined index: __autoloader [pid 263 on line 480 of "/srv/www/horde/vendor/horde/core/lib/Horde/Registry.php"]
2022-01-20T08:03:52+00:00 ERR: HORDE The requested interface was not found: IMP_Factory_Imap [pid 263 on line 269 of "/srv/www/horde/vendor/horde/injector/src/Injector.php"]
2022-01-20T08:03:52+00:00 ERR: HORDE The requested interface was not found: IMP_Factory_Imap [pid 263 on line 269 of "/srv/www/horde/vendor/horde/injector/src/Injector.php"]
2022-01-20T08:04:39+00:00 NOTICE: HORDE [horde] Login success for administrator to horde (172.31.0.2) [pid 287 on line 163 of "/srv/www/horde/web/horde/login.php"]
2022-01-20T08:04:39+00:00 NOTICE: HORDE [imp] Login success for administrator (172.31.0.2) (forwarded for [172.31.0.1]) to {imap://b1gws_dovecot/} [pid 288 on line 153 of "/srv/www/horde/web/imp/lib/Auth.php"]
2022-01-20T08:04:39+00:00 WARN: HORDE [timetool] PHP ERROR: array_intersect_key(): Expected parameter 1 to be an array, object given [pid 288 on line 364 of "/srv/www/horde/vendor/horde/rdo/src/BaseMapper.php"]
2022-01-20T08:04:39+00:00 ERR: HORDE [timetool] create() requires at least one field value. [pid 288 on line 367 of "/srv/www/horde/vendor/horde/rdo/src/BaseMapper.php"]
2022-01-20T08:13:20+00:00 WARN: HORDE [turba] PHP ERROR: Declaration of Horde_Form_Type_country::init($prompt = NULL) should be compatible with Horde_Form_Type_enum::init($values, $prompt = NULL) [pid 290 on line 925 of "/srv/www/horde/vendor/horde/form/lib/Horde/Form/Type.php"]
2022-01-20T08:13:20+00:00 WARN: HORDE [turba] PHP ERROR: Declaration of Turba_Form_AddContact::validate() should be compatible with Horde_Form::validate($vars = NULL, $canAutoFill = false) [pid 290 on line 51 of "/srv/www/horde/web/turba/lib/Form/AddContact.php"]
2022-01-20T08:13:20+00:00 WARN: HORDE [turba] PHP ERROR: Declaration of Horde_Form_Action_updatefield::getActionScript(&$form, &$renderer, $varname) should be compatible with Horde_Form_Action::getActionScript($form, $renderer, $varname) [pid 290 on line 29 of "/srv/www/horde/vendor/horde/form/lib/Horde/Form/Action/updatefield.php"]
2022-01-20T08:13:20+00:00 WARN: HORDE [turba] PHP ERROR: Declaration of Horde_Form_Action_updatefield::setValues(&$vars, $sourceVal, $arrayVal = false) should be compatible with Horde_Form_Action::setValues(&$vars, $sourceVal, $index = NULL, $arrayVal = false) [pid 290 on line 34 of "/srv/www/horde/vendor/horde/form/lib/Horde/Form/Action/updatefield.php"]
2022-01-20T08:15:46+00:00 EMERG: HORDE [horde] No App found for this path [pid 288 on line 159 of "/srv/www/horde/vendor/horde/core/src/Middleware/AppFinder.php"]
2022-01-20T08:15:58+00:00 WARN: HORDE [lunch] PHP ERROR: Declaration of Lunch_MealMapper::create(array $fields) should be compatible with Horde_Rdo_Mapper::create($fields) [pid 286 on line 7 of "/srv/www/horde/web/lunch/lib/MealMapper.php"]
2022-01-20T08:15:58+00:00 WARN: HORDE [lunch] PHP ERROR: Declaration of Horde_Form_Type_country::init($prompt = NULL) should be compatible with Horde_Form_Type_enum::init($values, $prompt = NULL) [pid 286 on line 925 of "/srv/www/horde/vendor/horde/form/lib/Horde/Form/Type.php"]
2022-01-20T08:28:04+00:00 WARN: HORDE [lunch] PHP ERROR: Declaration of Lunch_MealMapper::create(array $fields) should be compatible with Horde_Rdo_Mapper::create($fields) [pid 288 on line 7 of "/srv/www/horde/web/lunch/lib/MealMapper.php"]
2022-01-20T08:28:04+00:00 WARN: HORDE [lunch] PHP ERROR: Declaration of Horde_Form_Type_country::init($prompt = NULL) should be compatible with Horde_Form_Type_enum::init($values, $prompt = NULL) [pid 288 on line 925 of "/srv/www/horde/vendor/horde/form/lib/Horde/Form/Type.php"]
2022-01-20T08:28:11+00:00 WARN: HORDE [lunch] PHP ERROR: Declaration of Lunch_MealMapper::create(array $fields) should be compatible with Horde_Rdo_Mapper::create($fields) [pid 291 on line 7 of "/srv/www/horde/web/lunch/lib/MealMapper.php"]
2022-01-20T08:28:11+00:00 WARN: HORDE [lunch] PHP ERROR: Declaration of Horde_Form_Type_country::init($prompt = NULL) should be compatible with Horde_Form_Type_enum::init($values, $prompt = NULL) [pid 291 on line 925 of "/srv/www/horde/vendor/horde/form/lib/Horde/Form/Type.php"]
2022-01-20T10:32:51+00:00 NOTICE: HORDE Guest user is not authorized for Notes (Host: wolfgang-linux). [pid 287 on line 324 of "/srv/www/horde/vendor/horde/core/lib/Horde/Registry.php"]
2022-01-20T10:50:31+00:00 EMERG: HORDE [horde] No App found for this path [pid 291 on line 159 of "/srv/www/horde/vendor/horde/core/src/Middleware/AppFinder.php"]
2022-01-20T10:50:47+00:00 WARN: HORDE [mnemo] PHP ERROR: Declaration of Horde_Form_Type_country::init($prompt = NULL) should be compatible with Horde_Form_Type_enum::init($values, $prompt = NULL) [pid 287 on line 925 of "/srv/www/horde/vendor/horde/form/lib/Horde/Form/Type.php"]
2022-01-20T10:50:55+00:00 WARN: HORDE [mnemo] PHP ERROR: Declaration of Horde_Form_Type_country::init($prompt = NULL) should be compatible with Horde_Form_Type_enum::init($values, $prompt = NULL) [pid 290 on line 925 of "/srv/www/horde/vendor/horde/form/lib/Horde/Form/Type.php"]
2022-01-20T10:50:55+00:00 WARN: HORDE [mnemo] PHP ERROR: Declaration of Horde_Form_Type_country::init($prompt = NULL) should be compatible with Horde_Form_Type_enum::init($values, $prompt = NULL) [pid 291 on line 925 of "/srv/www/horde/vendor/horde/form/lib/Horde/Form/Type.php"]
2022-01-20T10:51:12+00:00 WARN: HORDE [mnemo] PHP ERROR: Declaration of Horde_Form_Type_country::init($prompt = NULL) should be compatible with Horde_Form_Type_enum::init($values, $prompt = NULL) [pid 287 on line 925 of "/srv/www/horde/vendor/horde/form/lib/Horde/Form/Type.php"]
2022-01-20T11:00:58+00:00 WARN: HORDE [mnemo] PHP ERROR: Declaration of Horde_Form_Type_country::init($prompt = NULL) should be compatible with Horde_Form_Type_enum::init($values, $prompt = NULL) [pid 289 on line 925 of "/srv/www/horde/vendor/horde/form/lib/Horde/Form/Type.php"]
2022-01-20T11:03:36+00:00 WARN: HORDE [mnemo] PHP ERROR: Declaration of Horde_Form_Type_country::init($prompt = NULL) should be compatible with Horde_Form_Type_enum::init($values, $prompt = NULL) [pid 287 on line 925 of "/srv/www/horde/vendor/horde/form/lib/Horde/Form/Type.php"]
2022-01-20T11:04:17+00:00 WARN: HORDE [mnemo] PHP ERROR: Declaration of Horde_Form_Type_country::init($prompt = NULL) should be compatible with Horde_Form_Type_enum::init($values, $prompt = NULL) [pid 289 on line 925 of "/srv/www/horde/vendor/horde/form/lib/Horde/Form/Type.php"]
2022-01-20T11:04:41+00:00 WARN: HORDE [mnemo] PHP ERROR: Declaration of Horde_Form_Type_country::init($prompt = NULL) should be compatible with Horde_Form_Type_enum::init($values, $prompt = NULL) [pid 290 on line 925 of "/srv/www/horde/vendor/horde/form/lib/Horde/Form/Type.php"]
2022-01-20T11:37:08+00:00 WARN: HORDE [timetool] PHP ERROR: Cannot modify header information - headers already sent [pid 289 on line 35 of "/srv/www/horde/vendor/horde/http_server/src/ResponseWriterWeb.php"]
2022-01-20T11:37:15+00:00 WARN: HORDE [timetool] PHP ERROR: Cannot modify header information - headers already sent [pid 291 on line 35 of "/srv/www/horde/vendor/horde/http_server/src/ResponseWriterWeb.php"]
2022-01-20T11:37:17+00:00 WARN: HORDE [timetool] PHP ERROR: Cannot modify header information - headers already sent [pid 290 on line 35 of "/srv/www/horde/vendor/horde/http_server/src/ResponseWriterWeb.php"]
2022-01-20T11:37:23+00:00 WARN: HORDE [timetool] PHP ERROR: Cannot modify header information - headers already sent [pid 286 on line 35 of "/srv/www/horde/vendor/horde/http_server/src/ResponseWriterWeb.php"]
2022-01-20T11:44:50+00:00 NOTICE: HORDE Guest user is not authorized for Horde (Host: wolfgang-linux). [pid 288 on line 324 of "/srv/www/horde/vendor/horde/core/lib/Horde/Registry.php"]
